2022-06-23 14:07:28,910 DEBUG Horse: Horse created. Name [Bucefal], Speed [2.4]
2022-06-23 14:07:28,915 DEBUG Horse: Horse created. Name [Tuz Pic], Speed [2.5]
2022-06-23 14:07:28,916 DEBUG Horse: Horse created. Name [Zefir], Speed [2.6]
2022-06-23 14:07:28,916 DEBUG Horse: Horse created. Name [Fire], Speed [2.7]
2022-06-23 14:07:28,917 DEBUG Horse: Horse created. Name [Lobster], Speed [2.8]
2022-06-23 14:07:28,918 DEBUG Horse: Horse created. Name [Pegas], Speed [2.9]
2022-06-23 14:07:28,919 DEBUG Horse: Horse created. Name [Masea], Speed [3.0]
2022-06-23 14:07:28,921 DEBUG Horse: Hippodrome created. Horses [7]
2022-06-23 14:07:28,921 INFO  Main: Start of the race. Number of participants 7
2022-06-23 14:07:29,137 INFO  Main: Finish of the race. Winner: Masea
2022-06-23 14:14:16,597 DEBUG Horse: Horse created. Name [ID0], Speed [0.0]
2022-06-23 14:14:16,640 DEBUG Horse: Horse created. Name [ID1], Speed [1.0]
2022-06-23 14:14:16,641 DEBUG Horse: Horse created. Name [ID2], Speed [2.0]
2022-06-23 14:14:16,641 DEBUG Horse: Horse created. Name [ID3], Speed [3.0]
2022-06-23 14:14:16,642 DEBUG Horse: Horse created. Name [ID4], Speed [4.0]
2022-06-23 14:14:16,642 DEBUG Horse: Horse created. Name [ID5], Speed [5.0]
2022-06-23 14:14:16,643 DEBUG Horse: Horse created. Name [ID6], Speed [6.0]
2022-06-23 14:14:16,643 DEBUG Horse: Horse created. Name [ID7], Speed [7.0]
2022-06-23 14:14:16,644 DEBUG Horse: Horse created. Name [ID8], Speed [8.0]
2022-06-23 14:14:16,644 DEBUG Horse: Horse created. Name [ID9], Speed [9.0]
2022-06-23 14:14:16,645 DEBUG Horse: Horse created. Name [ID10], Speed [10.0]
2022-06-23 14:14:16,646 DEBUG Horse: Horse created. Name [ID11], Speed [11.0]
2022-06-23 14:14:16,646 DEBUG Horse: Horse created. Name [ID12], Speed [12.0]
2022-06-23 14:14:16,646 DEBUG Horse: Horse created. Name [ID13], Speed [13.0]
2022-06-23 14:14:16,647 DEBUG Horse: Horse created. Name [ID14], Speed [14.0]
2022-06-23 14:14:16,648 DEBUG Horse: Horse created. Name [ID15], Speed [15.0]
2022-06-23 14:14:16,649 DEBUG Horse: Horse created. Name [ID16], Speed [16.0]
2022-06-23 14:14:16,649 DEBUG Horse: Horse created. Name [ID17], Speed [17.0]
2022-06-23 14:14:16,650 DEBUG Horse: Horse created. Name [ID18], Speed [18.0]
2022-06-23 14:14:16,651 DEBUG Horse: Horse created. Name [ID19], Speed [19.0]
2022-06-23 14:14:16,652 DEBUG Horse: Horse created. Name [ID20], Speed [20.0]
2022-06-23 14:14:16,653 DEBUG Horse: Horse created. Name [ID21], Speed [21.0]
2022-06-23 14:14:16,654 DEBUG Horse: Horse created. Name [ID22], Speed [22.0]
2022-06-23 14:14:16,654 DEBUG Horse: Horse created. Name [ID23], Speed [23.0]
2022-06-23 14:14:16,655 DEBUG Horse: Horse created. Name [ID24], Speed [24.0]
2022-06-23 14:14:16,655 DEBUG Horse: Horse created. Name [ID25], Speed [25.0]
2022-06-23 14:14:16,655 DEBUG Horse: Horse created. Name [ID26], Speed [26.0]
2022-06-23 14:14:16,656 DEBUG Horse: Horse created. Name [ID27], Speed [27.0]
2022-06-23 14:14:16,656 DEBUG Horse: Horse created. Name [ID28], Speed [28.0]
2022-06-23 14:14:16,657 DEBUG Horse: Horse created. Name [ID29], Speed [29.0]
2022-06-23 14:14:16,657 DEBUG Horse: Horse created. Name [ID30], Speed [30.0]
2022-06-23 14:14:16,657 DEBUG Horse: Horse created. Name [ID31], Speed [31.0]
2022-06-23 14:14:16,658 DEBUG Horse: Horse created. Name [ID32], Speed [32.0]
2022-06-23 14:14:16,658 DEBUG Horse: Horse created. Name [ID33], Speed [33.0]
2022-06-23 14:14:16,659 DEBUG Horse: Horse created. Name [ID34], Speed [34.0]
2022-06-23 14:14:16,659 DEBUG Horse: Horse created. Name [ID35], Speed [35.0]
2022-06-23 14:14:16,660 DEBUG Horse: Horse created. Name [ID36], Speed [36.0]
2022-06-23 14:14:16,661 DEBUG Horse: Horse created. Name [ID37], Speed [37.0]
2022-06-23 14:14:16,661 DEBUG Horse: Horse created. Name [ID38], Speed [38.0]
2022-06-23 14:14:16,662 DEBUG Horse: Horse created. Name [ID39], Speed [39.0]
2022-06-23 14:14:16,663 DEBUG Horse: Horse created. Name [ID40], Speed [40.0]
2022-06-23 14:14:16,664 DEBUG Horse: Horse created. Name [ID41], Speed [41.0]
2022-06-23 14:14:16,664 DEBUG Horse: Horse created. Name [ID42], Speed [42.0]
2022-06-23 14:14:16,666 DEBUG Horse: Horse created. Name [ID43], Speed [43.0]
2022-06-23 14:14:16,667 DEBUG Horse: Horse created. Name [ID44], Speed [44.0]
2022-06-23 14:14:16,668 DEBUG Horse: Horse created. Name [ID45], Speed [45.0]
2022-06-23 14:14:16,670 DEBUG Horse: Horse created. Name [ID46], Speed [46.0]
2022-06-23 14:14:16,671 DEBUG Horse: Horse created. Name [ID47], Speed [47.0]
2022-06-23 14:14:16,671 DEBUG Horse: Horse created. Name [ID48], Speed [48.0]
2022-06-23 14:14:16,672 DEBUG Horse: Horse created. Name [ID49], Speed [49.0]
2022-06-23 14:14:16,674 DEBUG Horse: Hippodrome created. Horses [50]
2022-06-23 14:33:56,676 DEBUG Horse: Horse created. Name [ID0], Speed [0.0]
2022-06-23 14:33:56,679 DEBUG Horse: Horse created. Name [ID1], Speed [1.0]
2022-06-23 14:33:56,679 DEBUG Horse: Horse created. Name [ID2], Speed [2.0]
2022-06-23 14:33:56,679 DEBUG Horse: Horse created. Name [ID3], Speed [3.0]
2022-06-23 14:33:56,679 DEBUG Horse: Horse created. Name [ID4], Speed [4.0]
2022-06-23 14:33:56,679 DEBUG Horse: Hippodrome created. Horses [5]
2022-06-23 14:33:56,695 ERROR Horse: Horses list is empty
2022-06-23 14:33:56,698 ERROR Horse: Horses list is null
2022-06-23 14:33:56,701 DEBUG Horse: Horse created. Name [ID0], Speed [0.0]
2022-06-23 14:33:56,701 DEBUG Horse: Horse created. Name [ID1], Speed [1.0]
2022-06-23 14:33:56,701 DEBUG Horse: Horse created. Name [ID2], Speed [2.0]
2022-06-23 14:33:56,701 DEBUG Horse: Horse created. Name [ID3], Speed [3.0]
2022-06-23 14:33:56,701 DEBUG Horse: Horse created. Name [ID4], Speed [4.0]
2022-06-23 14:33:56,701 DEBUG Horse: Horse created. Name [ID5], Speed [5.0]
2022-06-23 14:33:56,701 DEBUG Horse: Horse created. Name [ID6], Speed [6.0]
2022-06-23 14:33:56,701 DEBUG Horse: Horse created. Name [ID7], Speed [7.0]
2022-06-23 14:33:56,702 DEBUG Horse: Horse created. Name [ID8], Speed [8.0]
2022-06-23 14:33:56,702 DEBUG Horse: Horse created. Name [ID9], Speed [9.0]
2022-06-23 14:33:56,702 DEBUG Horse: Horse created. Name [ID10], Speed [10.0]
2022-06-23 14:33:56,702 DEBUG Horse: Horse created. Name [ID11], Speed [11.0]
2022-06-23 14:33:56,702 DEBUG Horse: Horse created. Name [ID12], Speed [12.0]
2022-06-23 14:33:56,702 DEBUG Horse: Horse created. Name [ID13], Speed [13.0]
2022-06-23 14:33:56,702 DEBUG Horse: Horse created. Name [ID14], Speed [14.0]
2022-06-23 14:33:56,702 DEBUG Horse: Horse created. Name [ID15], Speed [15.0]
2022-06-23 14:33:56,702 DEBUG Horse: Horse created. Name [ID16], Speed [16.0]
2022-06-23 14:33:56,702 DEBUG Horse: Horse created. Name [ID17], Speed [17.0]
2022-06-23 14:33:56,702 DEBUG Horse: Horse created. Name [ID18], Speed [18.0]
2022-06-23 14:33:56,703 DEBUG Horse: Horse created. Name [ID19], Speed [19.0]
2022-06-23 14:33:56,703 DEBUG Horse: Horse created. Name [ID20], Speed [20.0]
2022-06-23 14:33:56,703 DEBUG Horse: Horse created. Name [ID21], Speed [21.0]
2022-06-23 14:33:56,703 DEBUG Horse: Horse created. Name [ID22], Speed [22.0]
2022-06-23 14:33:56,703 DEBUG Horse: Horse created. Name [ID23], Speed [23.0]
2022-06-23 14:33:56,703 DEBUG Horse: Horse created. Name [ID24], Speed [24.0]
2022-06-23 14:33:56,703 DEBUG Horse: Horse created. Name [ID25], Speed [25.0]
2022-06-23 14:33:56,703 DEBUG Horse: Horse created. Name [ID26], Speed [26.0]
2022-06-23 14:33:56,703 DEBUG Horse: Horse created. Name [ID27], Speed [27.0]
2022-06-23 14:33:56,703 DEBUG Horse: Horse created. Name [ID28], Speed [28.0]
2022-06-23 14:33:56,704 DEBUG Horse: Horse created. Name [ID29], Speed [29.0]
2022-06-23 14:33:56,704 DEBUG Horse: Hippodrome created. Horses [30]
2022-06-23 14:33:57,572 ERROR Horse: Name is blank
2022-06-23 14:33:57,579 ERROR Horse: Name is blank
2022-06-23 14:33:57,581 ERROR Horse: Name is blank
2022-06-23 14:33:57,583 ERROR Horse: Name is blank
2022-06-23 14:33:57,586 ERROR Horse: Distance is negative
2022-06-23 14:33:57,588 ERROR Horse: Name is null
2022-06-23 14:33:57,726 DEBUG Horse: Horse created. Name [Becaz], Speed [10.0]
2022-06-23 14:33:57,746 DEBUG Horse: Horse created. Name [Becaz], Speed [10.0]
2022-06-23 14:33:57,754 DEBUG Horse: Horse created. Name [Becaz], Speed [10.0]
2022-06-23 14:33:57,764 ERROR Horse: Speed is negative
2022-06-23 14:33:57,769 DEBUG Horse: Horse created. Name [Bercut], Speed [4.0]
2022-06-23 14:33:57,769 DEBUG Horse: Horse created. Name [Bercut], Speed [4.0]
2022-06-23 14:33:57,774 DEBUG Horse: Horse created. Name [Bercut], Speed [4.0]
2022-06-23 14:33:57,778 DEBUG Horse: Horse created. Name [Bercut], Speed [4.0]
