2023-02-02 02:01:23,333 DEBUG Horse: Создание Horse, имя {name}, скорость {speed}
2023-02-02 02:01:23,353 DEBUG Horse: Создание Horse, имя {name}, скорость {speed}
2023-02-02 02:01:23,353 DEBUG Horse: Создание Horse, имя {name}, скорость {speed}
2023-02-02 02:01:23,353 DEBUG Horse: Создание Horse, имя {name}, скорость {speed}
2023-02-02 02:01:23,353 DEBUG Horse: Создание Horse, имя {name}, скорость {speed}
2023-02-02 02:01:23,354 DEBUG Horse: Создание Horse, имя {name}, скорость {speed}
2023-02-02 02:01:23,354 DEBUG Horse: Создание Horse, имя {name}, скорость {speed}
2023-02-02 02:01:23,356 DEBUG Hippodrome:  Создание Hippodrome, лошадей 7
2023-02-02 02:01:23,356 INFO  Main: Начало скачек. Количество участников: 7
2023-02-02 02:01:43,739 INFO  Main: Окончание скачек. Победитель: Пегас
2023-02-02 02:02:37,682 DEBUG Horse: Создание Horse, имя {name}, скорость {speed}
2023-02-02 02:02:37,688 DEBUG Horse: Создание Horse, имя {name}, скорость {speed}
2023-02-02 02:02:37,688 DEBUG Horse: Создание Horse, имя {name}, скорость {speed}
2023-02-02 02:02:37,688 DEBUG Horse: Создание Horse, имя {name}, скорость {speed}
2023-02-02 02:02:37,688 DEBUG Horse: Создание Horse, имя {name}, скорость {speed}
2023-02-02 02:02:37,688 DEBUG Horse: Создание Horse, имя {name}, скорость {speed}
2023-02-02 02:02:37,688 DEBUG Horse: Создание Horse, имя {name}, скорость {speed}
2023-02-02 02:02:37,690 DEBUG Hippodrome:  Создание Hippodrome, лошадей 7
2023-02-02 02:02:37,690 INFO  Main: Начало скачек. Количество участников: 7
2023-02-02 02:02:58,053 INFO  Main: Окончание скачек. Победитель: Вишня
2023-02-02 02:04:27,545 DEBUG Horse: Создание Horse, имя {name}, скорость {speed}
2023-02-02 02:04:27,551 DEBUG Horse: Создание Horse, имя {name}, скорость {speed}
2023-02-02 02:04:27,551 DEBUG Horse: Создание Horse, имя {name}, скорость {speed}
2023-02-02 02:04:27,552 DEBUG Horse: Создание Horse, имя {name}, скорость {speed}
2023-02-02 02:04:27,552 DEBUG Horse: Создание Horse, имя {name}, скорость {speed}
2023-02-02 02:04:27,552 DEBUG Horse: Создание Horse, имя {name}, скорость {speed}
2023-02-02 02:04:27,552 DEBUG Horse: Создание Horse, имя {name}, скорость {speed}
2023-02-02 02:04:27,554 DEBUG Hippodrome:  Создание Hippodrome, лошадей 7
2023-02-02 02:04:27,554 INFO  Main: Начало скачек. Количество участников: 7
2023-02-02 02:04:47,941 INFO  Main: Окончание скачек. Победитель: Вишня
2023-02-02 02:05:07,209 DEBUG Horse: Создание Horse, имя {name}, скорость {speed}
2023-02-02 02:05:07,213 DEBUG Horse: Создание Horse, имя {name}, скорость {speed}
2023-02-02 02:05:07,214 DEBUG Horse: Создание Horse, имя {name}, скорость {speed}
2023-02-02 02:05:07,214 DEBUG Horse: Создание Horse, имя {name}, скорость {speed}
2023-02-02 02:05:07,214 DEBUG Horse: Создание Horse, имя {name}, скорость {speed}
2023-02-02 02:05:07,214 DEBUG Horse: Создание Horse, имя {name}, скорость {speed}
2023-02-02 02:05:07,214 DEBUG Horse: Создание Horse, имя {name}, скорость {speed}
2023-02-02 02:05:07,215 DEBUG Hippodrome:  Создание Hippodrome, лошадей 7
2023-02-02 02:05:07,216 INFO  Main: Начало скачек. Количество участников: 7
2023-02-02 02:05:27,573 INFO  Main: Окончание скачек. Победитель: Вишня
2023-02-02 02:05:55,538 DEBUG Horse: Создание Horse, имя Буцефал, скорость 2.4
2023-02-02 02:05:55,543 DEBUG Horse: Создание Horse, имя Туз Пик, скорость 2.5
2023-02-02 02:05:55,543 DEBUG Horse: Создание Horse, имя Зефир, скорость 2.6
2023-02-02 02:05:55,543 DEBUG Horse: Создание Horse, имя Пожар, скорость 2.7
2023-02-02 02:05:55,543 DEBUG Horse: Создание Horse, имя Лобстер, скорость 2.8
2023-02-02 02:05:55,543 DEBUG Horse: Создание Horse, имя Пегас, скорость 2.9
2023-02-02 02:05:55,544 DEBUG Horse: Создание Horse, имя Вишня, скорость 3.0
2023-02-02 02:05:55,545 DEBUG Hippodrome:  Создание Hippodrome, лошадей 7
2023-02-02 02:05:55,545 INFO  Main: Начало скачек. Количество участников: 7
2023-02-02 02:06:15,909 INFO  Main: Окончание скачек. Победитель: Вишня
2023-02-02 02:06:33,627 DEBUG Horse: Создание Horse, имя Буцефал, скорость 2.4
2023-02-02 02:06:33,631 DEBUG Horse: Создание Horse, имя Туз Пик, скорость 2.5
2023-02-02 02:06:33,631 DEBUG Horse: Создание Horse, имя Зефир, скорость 2.6
2023-02-02 02:06:33,632 DEBUG Horse: Создание Horse, имя Пожар, скорость 2.7
2023-02-02 02:06:33,632 DEBUG Horse: Создание Horse, имя Лобстер, скорость 2.8
2023-02-02 02:06:33,632 DEBUG Horse: Создание Horse, имя Пегас, скорость 2.9
2023-02-02 02:06:33,632 DEBUG Horse: Создание Horse, имя Вишня, скорость 3.0
2023-02-02 02:06:33,634 DEBUG Hippodrome:  Создание Hippodrome, лошадей 7
2023-02-02 02:06:33,635 INFO  Main: Начало скачек. Количество участников: 7
2023-02-02 02:06:54,017 INFO  Main: Окончание скачек. Победитель: Вишня
